<?xml version="1.0" encoding="UTF-8"?>
<testsuite name="vowelorconsonant.LibraryTest" tests="1" skipped="0" failures="0" errors="0" timestamp="2023-03-29T05:02:04" hostname="DESKTOP-VJ3004V" time="0.014">
  <properties/>
  <testcase name="someLibraryMethodReturnsTrue()" classname="vowelorconsonant.LibraryTest" time="0.014"/>
  <system-out><![CDATA[]]></system-out>
  <system-err><![CDATA[]]></system-err>
</testsuite>
